/*C2*/SET SCHEMA PUBLIC
DELETE FROM BOOK WHERE BOOK_ID=3255
DELETE FROM BOOK WHERE BOOK_ID=3256
DELETE FROM BOOK WHERE BOOK_ID=3257
DELETE FROM BOOK WHERE BOOK_ID=3258
DELETE FROM BOOK WHERE BOOK_ID=3259
DELETE FROM BOOK WHERE BOOK_ID=3260
DELETE FROM BOOK WHERE BOOK_ID=3261
DELETE FROM BOOK WHERE BOOK_ID=3262
DELETE FROM BOOK WHERE BOOK_ID=3263
DELETE FROM BOOK WHERE BOOK_ID=3264
DELETE FROM BOOK WHERE BOOK_ID=3265
DELETE FROM BOOK WHERE BOOK_ID=3266
DELETE FROM BOOK WHERE BOOK_ID=3267
DELETE FROM BOOK WHERE BOOK_ID=3268
DELETE FROM BOOK WHERE BOOK_ID=3269
DELETE FROM BOOK WHERE BOOK_ID=3270
DELETE FROM BOOK WHERE BOOK_ID=3271
DELETE FROM BOOK WHERE BOOK_ID=3272
DELETE FROM BOOK WHERE BOOK_ID=3273
DELETE FROM BOOK WHERE BOOK_ID=3274
DELETE FROM BOOK WHERE BOOK_ID=3275
DELETE FROM BOOK WHERE BOOK_ID=3276
DELETE FROM BOOK WHERE BOOK_ID=3277
DELETE FROM BOOK WHERE BOOK_ID=3278
DELETE FROM BOOK WHERE BOOK_ID=3279
DELETE FROM BOOK WHERE BOOK_ID=3280
DELETE FROM BOOK WHERE BOOK_ID=3281
DELETE FROM BOOK WHERE BOOK_ID=3282
DELETE FROM BOOK WHERE BOOK_ID=3283
DELETE FROM BOOK WHERE BOOK_ID=3284
DELETE FROM BOOK WHERE BOOK_ID=3285
DELETE FROM BOOK WHERE BOOK_ID=3286
DELETE FROM BOOK WHERE BOOK_ID=3287
DELETE FROM BOOK WHERE BOOK_ID=3288
DELETE FROM BOOK WHERE BOOK_ID=3289
DELETE FROM BOOK WHERE BOOK_ID=3290
DELETE FROM BOOK WHERE BOOK_ID=3291
DELETE FROM BOOK WHERE BOOK_ID=3292
DELETE FROM BOOK WHERE BOOK_ID=3293
DELETE FROM BOOK WHERE BOOK_ID=3294
DELETE FROM BOOK WHERE BOOK_ID=3295
DELETE FROM BOOK WHERE BOOK_ID=3296
DELETE FROM BOOK WHERE BOOK_ID=3297
DELETE FROM BOOK WHERE BOOK_ID=3298
DELETE FROM BOOK WHERE BOOK_ID=3299
DELETE FROM BOOK WHERE BOOK_ID=3300
DELETE FROM BOOK WHERE BOOK_ID=3301
DELETE FROM BOOK WHERE BOOK_ID=3302
DELETE FROM BOOK WHERE BOOK_ID=3303
DELETE FROM BOOK WHERE BOOK_ID=3304
DELETE FROM BOOK WHERE BOOK_ID=3305
DELETE FROM BOOK WHERE BOOK_ID=3306
DELETE FROM BOOK WHERE BOOK_ID=3307
DELETE FROM BOOK WHERE BOOK_ID=3308
DELETE FROM BOOK WHERE BOOK_ID=3309
DELETE FROM BOOK WHERE BOOK_ID=3310
DELETE FROM BOOK WHERE BOOK_ID=3311
DELETE FROM BOOK WHERE BOOK_ID=3312
DELETE FROM BOOK WHERE BOOK_ID=3313
DELETE FROM BOOK WHERE BOOK_ID=3314
DELETE FROM BOOK WHERE BOOK_ID=3315
DELETE FROM BOOK WHERE BOOK_ID=3316
DELETE FROM BOOK WHERE BOOK_ID=3317
DELETE FROM BOOK WHERE BOOK_ID=3318
DELETE FROM BOOK WHERE BOOK_ID=3319
DELETE FROM BOOK WHERE BOOK_ID=3320
DELETE FROM BOOK WHERE BOOK_ID=3321
DELETE FROM BOOK WHERE BOOK_ID=3322
DELETE FROM BOOK WHERE BOOK_ID=3323
DELETE FROM BOOK WHERE BOOK_ID=3324
DELETE FROM BOOK WHERE BOOK_ID=3325
DELETE FROM BOOK WHERE BOOK_ID=3326
DELETE FROM BOOK WHERE BOOK_ID=3327
DELETE FROM BOOK WHERE BOOK_ID=3328
DELETE FROM BOOK WHERE BOOK_ID=3329
DELETE FROM BOOK WHERE BOOK_ID=3330
DELETE FROM BOOK WHERE BOOK_ID=3331
DELETE FROM BOOK WHERE BOOK_ID=3332
DELETE FROM BOOK WHERE BOOK_ID=3333
DELETE FROM BOOK WHERE BOOK_ID=3334
DELETE FROM BOOK WHERE BOOK_ID=3335
DELETE FROM BOOK WHERE BOOK_ID=3336
DELETE FROM BOOK WHERE BOOK_ID=3337
DELETE FROM BOOK WHERE BOOK_ID=3338
DELETE FROM BOOK WHERE BOOK_ID=3339
DELETE FROM BOOK WHERE BOOK_ID=3340
DELETE FROM BOOK WHERE BOOK_ID=3341
DELETE FROM BOOK WHERE BOOK_ID=3342
DELETE FROM BOOK WHERE BOOK_ID=3343
DELETE FROM BOOK WHERE BOOK_ID=3344
DELETE FROM BOOK WHERE BOOK_ID=3345
DELETE FROM BOOK WHERE BOOK_ID=3346
DELETE FROM BOOK WHERE BOOK_ID=3347
DELETE FROM BOOK WHERE BOOK_ID=3348
DELETE FROM BOOK WHERE BOOK_ID=3349
DELETE FROM BOOK WHERE BOOK_ID=3350
DELETE FROM BOOK WHERE BOOK_ID=3351
DELETE FROM BOOK WHERE BOOK_ID=3352
DELETE FROM BOOK WHERE BOOK_ID=3353
DELETE FROM BOOK WHERE BOOK_ID=3354
DELETE FROM BOOK WHERE BOOK_ID=3355
DELETE FROM BOOK WHERE BOOK_ID=3356
DELETE FROM BOOK WHERE BOOK_ID=3357
DELETE FROM BOOK WHERE BOOK_ID=3358
DELETE FROM BOOK WHERE BOOK_ID=3359
DELETE FROM BOOK WHERE BOOK_ID=3360
DELETE FROM BOOK WHERE BOOK_ID=3361
DELETE FROM BOOK WHERE BOOK_ID=3362
DELETE FROM BOOK WHERE BOOK_ID=3363
DELETE FROM BOOK WHERE BOOK_ID=3364
DELETE FROM BOOK WHERE BOOK_ID=3365
DELETE FROM BOOK WHERE BOOK_ID=3366
DELETE FROM BOOK WHERE BOOK_ID=3367
DELETE FROM BOOK WHERE BOOK_ID=3368
DELETE FROM BOOK WHERE BOOK_ID=3369
DELETE FROM BOOK WHERE BOOK_ID=3370
DELETE FROM BOOK WHERE BOOK_ID=3371
DELETE FROM BOOK WHERE BOOK_ID=3372
DELETE FROM BOOK WHERE BOOK_ID=3373
DELETE FROM BOOK WHERE BOOK_ID=3374
DELETE FROM BOOK WHERE BOOK_ID=3375
DELETE FROM BOOK WHERE BOOK_ID=3376
DELETE FROM BOOK WHERE BOOK_ID=3377
DELETE FROM BOOK WHERE BOOK_ID=3378
DELETE FROM BOOK WHERE BOOK_ID=3379
DELETE FROM BOOK WHERE BOOK_ID=3380
DELETE FROM BOOK WHERE BOOK_ID=3381
DELETE FROM BOOK WHERE BOOK_ID=3382
DELETE FROM BOOK WHERE BOOK_ID=3383
DELETE FROM BOOK WHERE BOOK_ID=3384
DELETE FROM BOOK WHERE BOOK_ID=3385
DELETE FROM BOOK WHERE BOOK_ID=3386
DELETE FROM BOOK WHERE BOOK_ID=3387
DELETE FROM BOOK WHERE BOOK_ID=3388
DELETE FROM BOOK WHERE BOOK_ID=3389
DELETE FROM BOOK WHERE BOOK_ID=3390
DELETE FROM BOOK WHERE BOOK_ID=3391
DELETE FROM BOOK WHERE BOOK_ID=3392
DELETE FROM BOOK WHERE BOOK_ID=3393
DELETE FROM BOOK WHERE BOOK_ID=3394
DELETE FROM BOOK WHERE BOOK_ID=3395
DELETE FROM BOOK WHERE BOOK_ID=3396
DELETE FROM BOOK WHERE BOOK_ID=3397
DELETE FROM BOOK WHERE BOOK_ID=3398
DELETE FROM BOOK WHERE BOOK_ID=3399
DELETE FROM BOOK WHERE BOOK_ID=3400
DELETE FROM BOOK WHERE BOOK_ID=3401
DELETE FROM BOOK WHERE BOOK_ID=3402
DELETE FROM BOOK WHERE BOOK_ID=3403
DELETE FROM BOOK WHERE BOOK_ID=3404
DELETE FROM BOOK WHERE BOOK_ID=3405
DELETE FROM BOOK WHERE BOOK_ID=3406
DELETE FROM BOOK WHERE BOOK_ID=3407
DELETE FROM BOOK WHERE BOOK_ID=3408
DELETE FROM BOOK WHERE BOOK_ID=3409
DELETE FROM BOOK WHERE BOOK_ID=3410
DELETE FROM BOOK WHERE BOOK_ID=3411
DELETE FROM BOOK WHERE BOOK_ID=3412
DELETE FROM BOOK WHERE BOOK_ID=3413
DELETE FROM BOOK WHERE BOOK_ID=3414
DELETE FROM BOOK WHERE BOOK_ID=3415
DELETE FROM BOOK WHERE BOOK_ID=3416
DELETE FROM BOOK WHERE BOOK_ID=3417
DELETE FROM BOOK WHERE BOOK_ID=3418
DELETE FROM BOOK WHERE BOOK_ID=3419
DELETE FROM BOOK WHERE BOOK_ID=3420
DELETE FROM BOOK WHERE BOOK_ID=3421
DELETE FROM BOOK WHERE BOOK_ID=3422
DELETE FROM BOOK WHERE BOOK_ID=3423
DELETE FROM BOOK WHERE BOOK_ID=3424
DELETE FROM BOOK WHERE BOOK_ID=3425
DELETE FROM BOOK WHERE BOOK_ID=3426
DELETE FROM BOOK WHERE BOOK_ID=3427
DELETE FROM BOOK WHERE BOOK_ID=3428
DELETE FROM BOOK WHERE BOOK_ID=3429
DELETE FROM BOOK WHERE BOOK_ID=3430
DELETE FROM BOOK WHERE BOOK_ID=3431
DELETE FROM BOOK WHERE BOOK_ID=3432
DELETE FROM BOOK WHERE BOOK_ID=3433
DELETE FROM BOOK WHERE BOOK_ID=3434
DELETE FROM BOOK WHERE BOOK_ID=3435
DELETE FROM BOOK WHERE BOOK_ID=3436
DELETE FROM BOOK WHERE BOOK_ID=3437
DELETE FROM BOOK WHERE BOOK_ID=3438
DELETE FROM BOOK WHERE BOOK_ID=3439
DELETE FROM BOOK WHERE BOOK_ID=3440
DELETE FROM BOOK WHERE BOOK_ID=3441
DELETE FROM BOOK WHERE BOOK_ID=3442
DELETE FROM BOOK WHERE BOOK_ID=3443
DELETE FROM BOOK WHERE BOOK_ID=3444
DELETE FROM BOOK WHERE BOOK_ID=3445
DELETE FROM BOOK WHERE BOOK_ID=3446
DELETE FROM BOOK WHERE BOOK_ID=3447
DELETE FROM BOOK WHERE BOOK_ID=3448
DELETE FROM BOOK WHERE BOOK_ID=3449
DELETE FROM BOOK WHERE BOOK_ID=3450
DELETE FROM BOOK WHERE BOOK_ID=3451
DELETE FROM BOOK WHERE BOOK_ID=3452
DELETE FROM BOOK WHERE BOOK_ID=3453
DELETE FROM BOOK WHERE BOOK_ID=3454
DELETE FROM BOOK WHERE BOOK_ID=3455
DELETE FROM BOOK WHERE BOOK_ID=3456
DELETE FROM BOOK WHERE BOOK_ID=3457
DELETE FROM BOOK WHERE BOOK_ID=3458
DELETE FROM BOOK WHERE BOOK_ID=3459
DELETE FROM BOOK WHERE BOOK_ID=3460
DELETE FROM BOOK WHERE BOOK_ID=3461
DELETE FROM BOOK WHERE BOOK_ID=3462
DELETE FROM BOOK WHERE BOOK_ID=3463
DELETE FROM BOOK WHERE BOOK_ID=3464
DELETE FROM BOOK WHERE BOOK_ID=3465
DELETE FROM BOOK WHERE BOOK_ID=3466
DELETE FROM BOOK WHERE BOOK_ID=3467
DELETE FROM BOOK WHERE BOOK_ID=3468
DELETE FROM BOOK WHERE BOOK_ID=3469
DELETE FROM BOOK WHERE BOOK_ID=3470
DELETE FROM BOOK WHERE BOOK_ID=3471
DELETE FROM BOOK WHERE BOOK_ID=3472
DELETE FROM BOOK WHERE BOOK_ID=3473
DELETE FROM BOOK WHERE BOOK_ID=3474
DELETE FROM BOOK WHERE BOOK_ID=3475
DELETE FROM BOOK WHERE BOOK_ID=3476
DELETE FROM BOOK WHERE BOOK_ID=3477
DELETE FROM BOOK WHERE BOOK_ID=3478
DELETE FROM BOOK WHERE BOOK_ID=3479
DELETE FROM BOOK WHERE BOOK_ID=3480
DELETE FROM BOOK WHERE BOOK_ID=3481
DELETE FROM BOOK WHERE BOOK_ID=3482
DELETE FROM BOOK WHERE BOOK_ID=3483
DELETE FROM BOOK WHERE BOOK_ID=3484
DELETE FROM BOOK WHERE BOOK_ID=3485
DELETE FROM BOOK WHERE BOOK_ID=3486
DELETE FROM BOOK WHERE BOOK_ID=3487
DELETE FROM BOOK WHERE BOOK_ID=3488
DELETE FROM BOOK WHERE BOOK_ID=3489
DELETE FROM BOOK WHERE BOOK_ID=3490
DELETE FROM BOOK WHERE BOOK_ID=3491
DELETE FROM BOOK WHERE BOOK_ID=3492
DELETE FROM BOOK WHERE BOOK_ID=3493
DELETE FROM BOOK WHERE BOOK_ID=3494
DELETE FROM BOOK WHERE BOOK_ID=3495
DELETE FROM BOOK WHERE BOOK_ID=3496
DELETE FROM BOOK WHERE BOOK_ID=3497
DELETE FROM BOOK WHERE BOOK_ID=3498
DELETE FROM BOOK WHERE BOOK_ID=3499
DELETE FROM BOOK WHERE BOOK_ID=3500
DELETE FROM BOOK WHERE BOOK_ID=3501
DELETE FROM BOOK WHERE BOOK_ID=3502
DELETE FROM BOOK WHERE BOOK_ID=3503
DELETE FROM BOOK WHERE BOOK_ID=3504
DELETE FROM BOOK WHERE BOOK_ID=3505
DELETE FROM BOOK WHERE BOOK_ID=3506
DELETE FROM BOOK WHERE BOOK_ID=3507
DELETE FROM BOOK WHERE BOOK_ID=3508
DELETE FROM BOOK WHERE BOOK_ID=3509
DELETE FROM BOOK WHERE BOOK_ID=3510
DELETE FROM BOOK WHERE BOOK_ID=3511
DELETE FROM BOOK WHERE BOOK_ID=3512
DELETE FROM BOOK WHERE BOOK_ID=3513
DELETE FROM BOOK WHERE BOOK_ID=3514
DELETE FROM BOOK WHERE BOOK_ID=3515
DELETE FROM BOOK WHERE BOOK_ID=3516
DELETE FROM BOOK WHERE BOOK_ID=3517
DELETE FROM BOOK WHERE BOOK_ID=3781
DELETE FROM BOOK WHERE BOOK_ID=3782
DELETE FROM BOOK WHERE BOOK_ID=3783
DELETE FROM BOOK WHERE BOOK_ID=3784
DELETE FROM BOOK WHERE BOOK_ID=3785
DELETE FROM BOOK WHERE BOOK_ID=3786
DELETE FROM BOOK WHERE BOOK_ID=3787
DELETE FROM BOOK WHERE BOOK_ID=3788
DELETE FROM BOOK WHERE BOOK_ID=3789
DELETE FROM BOOK WHERE BOOK_ID=3790
DELETE FROM BOOK WHERE BOOK_ID=3791
DELETE FROM BOOK WHERE BOOK_ID=3792
DELETE FROM BOOK WHERE BOOK_ID=3793
DELETE FROM BOOK WHERE BOOK_ID=3794
DELETE FROM BOOK WHERE BOOK_ID=3795
DELETE FROM BOOK WHERE BOOK_ID=3796
DELETE FROM BOOK WHERE BOOK_ID=3797
DELETE FROM BOOK WHERE BOOK_ID=3798
DELETE FROM BOOK WHERE BOOK_ID=3799
DELETE FROM BOOK WHERE BOOK_ID=3800
DELETE FROM BOOK WHERE BOOK_ID=3801
DELETE FROM BOOK WHERE BOOK_ID=3802
DELETE FROM BOOK WHERE BOOK_ID=3803
DELETE FROM BOOK WHERE BOOK_ID=3804
DELETE FROM BOOK WHERE BOOK_ID=3805
DELETE FROM BOOK WHERE BOOK_ID=3806
DELETE FROM BOOK WHERE BOOK_ID=3807
DELETE FROM BOOK WHERE BOOK_ID=3808
DELETE FROM BOOK WHERE BOOK_ID=3809
DELETE FROM BOOK WHERE BOOK_ID=3810
DELETE FROM BOOK WHERE BOOK_ID=3811
DELETE FROM BOOK WHERE BOOK_ID=3812
DELETE FROM BOOK WHERE BOOK_ID=3813
DELETE FROM BOOK WHERE BOOK_ID=3814
DELETE FROM BOOK WHERE BOOK_ID=3815
DELETE FROM BOOK WHERE BOOK_ID=3816
DELETE FROM BOOK WHERE BOOK_ID=3817
DELETE FROM BOOK WHERE BOOK_ID=3818
DELETE FROM BOOK WHERE BOOK_ID=3819
DELETE FROM BOOK WHERE BOOK_ID=3820
DELETE FROM BOOK WHERE BOOK_ID=3821
DELETE FROM BOOK WHERE BOOK_ID=3822
DELETE FROM BOOK WHERE BOOK_ID=3823
DELETE FROM BOOK WHERE BOOK_ID=3824
DELETE FROM BOOK WHERE BOOK_ID=3825
DELETE FROM BOOK WHERE BOOK_ID=3826
DELETE FROM BOOK WHERE BOOK_ID=3827
DELETE FROM BOOK WHERE BOOK_ID=3828
DELETE FROM BOOK WHERE BOOK_ID=3829
DELETE FROM BOOK WHERE BOOK_ID=3830
DELETE FROM BOOK WHERE BOOK_ID=3831
DELETE FROM BOOK WHERE BOOK_ID=3832
DELETE FROM BOOK WHERE BOOK_ID=3833
DELETE FROM BOOK WHERE BOOK_ID=3834
DELETE FROM BOOK WHERE BOOK_ID=3835
DELETE FROM BOOK WHERE BOOK_ID=3836
DELETE FROM BOOK WHERE BOOK_ID=3837
DELETE FROM BOOK WHERE BOOK_ID=3838
DELETE FROM BOOK WHERE BOOK_ID=3839
DELETE FROM BOOK WHERE BOOK_ID=3840
DELETE FROM BOOK WHERE BOOK_ID=3841
DELETE FROM BOOK WHERE BOOK_ID=3842
DELETE FROM BOOK WHERE BOOK_ID=3843
DELETE FROM BOOK WHERE BOOK_ID=3844
DELETE FROM BOOK WHERE BOOK_ID=3845
DELETE FROM BOOK WHERE BOOK_ID=3846
DELETE FROM BOOK WHERE BOOK_ID=3847
DELETE FROM BOOK WHERE BOOK_ID=3848
DELETE FROM BOOK WHERE BOOK_ID=3849
DELETE FROM BOOK WHERE BOOK_ID=3850
DELETE FROM BOOK WHERE BOOK_ID=3851
DELETE FROM BOOK WHERE BOOK_ID=3852
DELETE FROM BOOK WHERE BOOK_ID=3853
DELETE FROM BOOK WHERE BOOK_ID=3854
DELETE FROM BOOK WHERE BOOK_ID=3855
DELETE FROM BOOK WHERE BOOK_ID=3856
DELETE FROM BOOK WHERE BOOK_ID=3857
DELETE FROM BOOK WHERE BOOK_ID=3858
DELETE FROM BOOK WHERE BOOK_ID=3859
DELETE FROM BOOK WHERE BOOK_ID=3860
DELETE FROM BOOK WHERE BOOK_ID=3861
DELETE FROM BOOK WHERE BOOK_ID=3862
DELETE FROM BOOK WHERE BOOK_ID=3863
DELETE FROM BOOK WHERE BOOK_ID=3864
DELETE FROM BOOK WHERE BOOK_ID=3865
DELETE FROM BOOK WHERE BOOK_ID=3866
DELETE FROM BOOK WHERE BOOK_ID=3867
DELETE FROM BOOK WHERE BOOK_ID=3868
DELETE FROM BOOK WHERE BOOK_ID=3869
DELETE FROM BOOK WHERE BOOK_ID=3870
DELETE FROM BOOK WHERE BOOK_ID=3871
DELETE FROM BOOK WHERE BOOK_ID=3872
DELETE FROM BOOK WHERE BOOK_ID=3873
DELETE FROM BOOK WHERE BOOK_ID=3874
DELETE FROM BOOK WHERE BOOK_ID=3875
DELETE FROM BOOK WHERE BOOK_ID=3876
DELETE FROM BOOK WHERE BOOK_ID=3877
DELETE FROM BOOK WHERE BOOK_ID=3878
DELETE FROM BOOK WHERE BOOK_ID=3879
DELETE FROM BOOK WHERE BOOK_ID=3880
DELETE FROM BOOK WHERE BOOK_ID=3881
DELETE FROM BOOK WHERE BOOK_ID=3882
DELETE FROM BOOK WHERE BOOK_ID=3883
DELETE FROM BOOK WHERE BOOK_ID=3884
DELETE FROM BOOK WHERE BOOK_ID=3885
DELETE FROM BOOK WHERE BOOK_ID=3886
DELETE FROM BOOK WHERE BOOK_ID=3887
DELETE FROM BOOK WHERE BOOK_ID=3888
DELETE FROM BOOK WHERE BOOK_ID=3889
DELETE FROM BOOK WHERE BOOK_ID=3890
DELETE FROM BOOK WHERE BOOK_ID=3891
DELETE FROM BOOK WHERE BOOK_ID=3892
DELETE FROM BOOK WHERE BOOK_ID=3893
DELETE FROM BOOK WHERE BOOK_ID=3894
DELETE FROM BOOK WHERE BOOK_ID=3895
DELETE FROM BOOK WHERE BOOK_ID=3896
DELETE FROM BOOK WHERE BOOK_ID=3897
DELETE FROM BOOK WHERE BOOK_ID=3898
DELETE FROM BOOK WHERE BOOK_ID=3899
DELETE FROM BOOK WHERE BOOK_ID=3900
DELETE FROM BOOK WHERE BOOK_ID=3901
DELETE FROM BOOK WHERE BOOK_ID=3902
DELETE FROM BOOK WHERE BOOK_ID=3903
DELETE FROM BOOK WHERE BOOK_ID=3904
DELETE FROM BOOK WHERE BOOK_ID=3905
DELETE FROM BOOK WHERE BOOK_ID=3906
DELETE FROM BOOK WHERE BOOK_ID=3907
DELETE FROM BOOK WHERE BOOK_ID=3908
DELETE FROM BOOK WHERE BOOK_ID=3909
DELETE FROM BOOK WHERE BOOK_ID=3910
DELETE FROM BOOK WHERE BOOK_ID=3911
DELETE FROM BOOK WHERE BOOK_ID=3912
DELETE FROM BOOK WHERE BOOK_ID=3913
DELETE FROM BOOK WHERE BOOK_ID=3914
DELETE FROM BOOK WHERE BOOK_ID=3915
DELETE FROM BOOK WHERE BOOK_ID=3916
DELETE FROM BOOK WHERE BOOK_ID=3917
DELETE FROM BOOK WHERE BOOK_ID=3918
DELETE FROM BOOK WHERE BOOK_ID=3919
DELETE FROM BOOK WHERE BOOK_ID=3920
DELETE FROM BOOK WHERE BOOK_ID=3921
DELETE FROM BOOK WHERE BOOK_ID=3922
DELETE FROM BOOK WHERE BOOK_ID=3923
DELETE FROM BOOK WHERE BOOK_ID=3924
DELETE FROM BOOK WHERE BOOK_ID=3925
DELETE FROM BOOK WHERE BOOK_ID=3926
DELETE FROM BOOK WHERE BOOK_ID=3927
DELETE FROM BOOK WHERE BOOK_ID=3928
DELETE FROM BOOK WHERE BOOK_ID=3929
DELETE FROM BOOK WHERE BOOK_ID=3930
DELETE FROM BOOK WHERE BOOK_ID=3931
DELETE FROM BOOK WHERE BOOK_ID=3932
DELETE FROM BOOK WHERE BOOK_ID=3933
DELETE FROM BOOK WHERE BOOK_ID=3934
DELETE FROM BOOK WHERE BOOK_ID=3935
DELETE FROM BOOK WHERE BOOK_ID=3936
DELETE FROM BOOK WHERE BOOK_ID=3937
DELETE FROM BOOK WHERE BOOK_ID=3938
DELETE FROM BOOK WHERE BOOK_ID=3939
DELETE FROM BOOK WHERE BOOK_ID=3940
DELETE FROM BOOK WHERE BOOK_ID=3941
DELETE FROM BOOK WHERE BOOK_ID=3942
DELETE FROM BOOK WHERE BOOK_ID=3943
DELETE FROM BOOK WHERE BOOK_ID=3944
DELETE FROM BOOK WHERE BOOK_ID=3945
DELETE FROM BOOK WHERE BOOK_ID=3946
DELETE FROM BOOK WHERE BOOK_ID=3947
DELETE FROM BOOK WHERE BOOK_ID=3948
DELETE FROM BOOK WHERE BOOK_ID=3949
DELETE FROM BOOK WHERE BOOK_ID=3950
DELETE FROM BOOK WHERE BOOK_ID=3951
DELETE FROM BOOK WHERE BOOK_ID=3952
DELETE FROM BOOK WHERE BOOK_ID=3953
DELETE FROM BOOK WHERE BOOK_ID=3954
DELETE FROM BOOK WHERE BOOK_ID=3955
DELETE FROM BOOK WHERE BOOK_ID=3956
DELETE FROM BOOK WHERE BOOK_ID=3957
DELETE FROM BOOK WHERE BOOK_ID=3958
DELETE FROM BOOK WHERE BOOK_ID=3959
DELETE FROM BOOK WHERE BOOK_ID=3960
DELETE FROM BOOK WHERE BOOK_ID=3961
DELETE FROM BOOK WHERE BOOK_ID=3962
DELETE FROM BOOK WHERE BOOK_ID=3963
DELETE FROM BOOK WHERE BOOK_ID=3964
DELETE FROM BOOK WHERE BOOK_ID=3965
DELETE FROM BOOK WHERE BOOK_ID=3966
DELETE FROM BOOK WHERE BOOK_ID=3967
DELETE FROM BOOK WHERE BOOK_ID=3968
DELETE FROM BOOK WHERE BOOK_ID=3969
DELETE FROM BOOK WHERE BOOK_ID=3970
DELETE FROM BOOK WHERE BOOK_ID=3971
DELETE FROM BOOK WHERE BOOK_ID=3972
DELETE FROM BOOK WHERE BOOK_ID=3973
DELETE FROM BOOK WHERE BOOK_ID=3974
DELETE FROM BOOK WHERE BOOK_ID=3975
DELETE FROM BOOK WHERE BOOK_ID=3976
DELETE FROM BOOK WHERE BOOK_ID=3977
DELETE FROM BOOK WHERE BOOK_ID=3978
DELETE FROM BOOK WHERE BOOK_ID=3979
DELETE FROM BOOK WHERE BOOK_ID=3980
DELETE FROM BOOK WHERE BOOK_ID=3981
DELETE FROM BOOK WHERE BOOK_ID=3982
DELETE FROM BOOK WHERE BOOK_ID=3983
DELETE FROM BOOK WHERE BOOK_ID=3984
DELETE FROM BOOK WHERE BOOK_ID=3985
DELETE FROM BOOK WHERE BOOK_ID=3986
DELETE FROM BOOK WHERE BOOK_ID=3987
DELETE FROM BOOK WHERE BOOK_ID=3988
DELETE FROM BOOK WHERE BOOK_ID=3989
DELETE FROM BOOK WHERE BOOK_ID=3990
DELETE FROM BOOK WHERE BOOK_ID=3991
DELETE FROM BOOK WHERE BOOK_ID=3992
DELETE FROM BOOK WHERE BOOK_ID=3993
DELETE FROM BOOK WHERE BOOK_ID=3994
DELETE FROM BOOK WHERE BOOK_ID=3995
DELETE FROM BOOK WHERE BOOK_ID=3996
DELETE FROM BOOK WHERE BOOK_ID=3997
DELETE FROM BOOK WHERE BOOK_ID=3998
DELETE FROM BOOK WHERE BOOK_ID=3999
DELETE FROM BOOK WHERE BOOK_ID=4000
DELETE FROM BOOK WHERE BOOK_ID=4001
DELETE FROM BOOK WHERE BOOK_ID=4002
DELETE FROM BOOK WHERE BOOK_ID=4003
DELETE FROM BOOK WHERE BOOK_ID=4004
DELETE FROM BOOK WHERE BOOK_ID=4005
DELETE FROM BOOK WHERE BOOK_ID=4006
DELETE FROM BOOK WHERE BOOK_ID=4007
DELETE FROM BOOK WHERE BOOK_ID=4008
DELETE FROM BOOK WHERE BOOK_ID=4009
DELETE FROM BOOK WHERE BOOK_ID=4010
DELETE FROM BOOK WHERE BOOK_ID=4011
DELETE FROM BOOK WHERE BOOK_ID=4012
DELETE FROM BOOK WHERE BOOK_ID=4013
DELETE FROM BOOK WHERE BOOK_ID=4014
DELETE FROM BOOK WHERE BOOK_ID=4015
DELETE FROM BOOK WHERE BOOK_ID=4016
DELETE FROM BOOK WHERE BOOK_ID=4017
DELETE FROM BOOK WHERE BOOK_ID=4018
DELETE FROM BOOK WHERE BOOK_ID=4019
DELETE FROM BOOK WHERE BOOK_ID=4020
DELETE FROM BOOK WHERE BOOK_ID=4021
DELETE FROM BOOK WHERE BOOK_ID=4022
DELETE FROM BOOK WHERE BOOK_ID=4023
DELETE FROM BOOK WHERE BOOK_ID=4024
DELETE FROM BOOK WHERE BOOK_ID=4025
DELETE FROM BOOK WHERE BOOK_ID=4026
DELETE FROM BOOK WHERE BOOK_ID=4027
DELETE FROM BOOK WHERE BOOK_ID=4028
DELETE FROM BOOK WHERE BOOK_ID=4029
DELETE FROM BOOK WHERE BOOK_ID=4030
DELETE FROM BOOK WHERE BOOK_ID=4031
DELETE FROM BOOK WHERE BOOK_ID=4032
DELETE FROM BOOK WHERE BOOK_ID=4033
DELETE FROM BOOK WHERE BOOK_ID=4034
DELETE FROM BOOK WHERE BOOK_ID=4035
DELETE FROM BOOK WHERE BOOK_ID=4036
DELETE FROM BOOK WHERE BOOK_ID=4037
DELETE FROM BOOK WHERE BOOK_ID=4038
DELETE FROM BOOK WHERE BOOK_ID=4039
DELETE FROM BOOK WHERE BOOK_ID=4040
DELETE FROM BOOK WHERE BOOK_ID=4041
DELETE FROM BOOK WHERE BOOK_ID=4042
DELETE FROM BOOK WHERE BOOK_ID=4043
DELETE FROM BOOK WHERE BOOK_ID=4044
DELETE FROM BOOK WHERE BOOK_ID=4045
DELETE FROM BOOK WHERE BOOK_ID=4046
DELETE FROM BOOK WHERE BOOK_ID=4047
DELETE FROM BOOK WHERE BOOK_ID=4048
DELETE FROM BOOK WHERE BOOK_ID=4049
DELETE FROM BOOK WHERE BOOK_ID=4050
DELETE FROM BOOK WHERE BOOK_ID=4051
DELETE FROM BOOK WHERE BOOK_ID=4052
DELETE FROM COMMENT WHERE COMMENT_ID=1405
DELETE FROM COMMENT WHERE COMMENT_ID=1406
DELETE FROM COMMENT WHERE COMMENT_ID=1407
DELETE FROM COMMENT WHERE COMMENT_ID=1408
DELETE FROM COMMENT WHERE COMMENT_ID=1409
DELETE FROM COMMENT WHERE COMMENT_ID=1410
DELETE FROM COMMENT WHERE COMMENT_ID=1411
DELETE FROM COMMENT WHERE COMMENT_ID=1412
DELETE FROM COMMENT WHERE COMMENT_ID=1413
DELETE FROM COMMENT WHERE COMMENT_ID=1414
DELETE FROM COMMENT WHERE COMMENT_ID=1415
DELETE FROM COMMENT WHERE COMMENT_ID=1416
DELETE FROM COMMENT WHERE COMMENT_ID=1417
DELETE FROM COMMENT WHERE COMMENT_ID=1418
DELETE FROM COMMENT WHERE COMMENT_ID=1419
DELETE FROM COMMENT WHERE COMMENT_ID=1420
DELETE FROM COMMENT WHERE COMMENT_ID=1421
DELETE FROM COMMENT WHERE COMMENT_ID=1422
DELETE FROM COMMENT WHERE COMMENT_ID=1423
DELETE FROM COMMENT WHERE COMMENT_ID=1424
DELETE FROM COMMENT WHERE COMMENT_ID=1425
DELETE FROM COMMENT WHERE COMMENT_ID=1426
DELETE FROM COMMENT WHERE COMMENT_ID=1427
DELETE FROM COMMENT WHERE COMMENT_ID=1428
DELETE FROM COMMENT WHERE COMMENT_ID=1429
DELETE FROM COMMENT WHERE COMMENT_ID=1430
DELETE FROM COMMENT WHERE COMMENT_ID=1431
DELETE FROM COMMENT WHERE COMMENT_ID=1432
DELETE FROM COMMENT WHERE COMMENT_ID=1433
DELETE FROM COMMENT WHERE COMMENT_ID=1434
DELETE FROM COMMENT WHERE COMMENT_ID=1435
DELETE FROM COMMENT WHERE COMMENT_ID=1436
DELETE FROM COMMENT WHERE COMMENT_ID=1437
DELETE FROM COMMENT WHERE COMMENT_ID=1438
DELETE FROM COMMENT WHERE COMMENT_ID=1439
DELETE FROM COMMENT WHERE COMMENT_ID=1440
DELETE FROM COMMENT WHERE COMMENT_ID=1441
DELETE FROM COMMENT WHERE COMMENT_ID=1442
DELETE FROM COMMENT WHERE COMMENT_ID=1443
DELETE FROM COMMENT WHERE COMMENT_ID=1444
DELETE FROM COMMENT WHERE COMMENT_ID=1445
DELETE FROM COMMENT WHERE COMMENT_ID=1446
DELETE FROM COMMENT WHERE COMMENT_ID=1447
DELETE FROM COMMENT WHERE COMMENT_ID=1448
DELETE FROM COMMENT WHERE COMMENT_ID=1449
DELETE FROM COMMENT WHERE COMMENT_ID=1450
DELETE FROM COMMENT WHERE COMMENT_ID=1451
DELETE FROM COMMENT WHERE COMMENT_ID=1452
DELETE FROM COMMENT WHERE COMMENT_ID=1453
DELETE FROM COMMENT WHERE COMMENT_ID=1454
DELETE FROM COMMENT WHERE COMMENT_ID=1455
DELETE FROM COMMENT WHERE COMMENT_ID=1456
DELETE FROM COMMENT WHERE COMMENT_ID=1457
DELETE FROM COMMENT WHERE COMMENT_ID=1458
DELETE FROM COMMENT WHERE COMMENT_ID=1459
DELETE FROM COMMENT WHERE COMMENT_ID=1460
DELETE FROM COMMENT WHERE COMMENT_ID=1461
DELETE FROM COMMENT WHERE COMMENT_ID=1462
DELETE FROM COMMENT WHERE COMMENT_ID=1463
DELETE FROM COMMENT WHERE COMMENT_ID=1464
DELETE FROM COMMENT WHERE COMMENT_ID=1465
DELETE FROM COMMENT WHERE COMMENT_ID=1466
DELETE FROM COMMENT WHERE COMMENT_ID=1467
DELETE FROM COMMENT WHERE COMMENT_ID=1468
DELETE FROM COMMENT WHERE COMMENT_ID=1469
DELETE FROM COMMENT WHERE COMMENT_ID=1470
DELETE FROM COMMENT WHERE COMMENT_ID=1471
DELETE FROM COMMENT WHERE COMMENT_ID=1472
DELETE FROM COMMENT WHERE COMMENT_ID=1473
DELETE FROM COMMENT WHERE COMMENT_ID=1474
DELETE FROM COMMENT WHERE COMMENT_ID=1475
DELETE FROM COMMENT WHERE COMMENT_ID=1476
DELETE FROM COMMENT WHERE COMMENT_ID=1477
DELETE FROM COMMENT WHERE COMMENT_ID=1478
DELETE FROM COMMENT WHERE COMMENT_ID=1479
DELETE FROM COMMENT WHERE COMMENT_ID=1480
DELETE FROM COMMENT WHERE COMMENT_ID=1481
DELETE FROM COMMENT WHERE COMMENT_ID=1482
DELETE FROM COMMENT WHERE COMMENT_ID=1483
DELETE FROM COMMENT WHERE COMMENT_ID=1484
DELETE FROM COMMENT WHERE COMMENT_ID=1485
DELETE FROM COMMENT WHERE COMMENT_ID=1486
DELETE FROM COMMENT WHERE COMMENT_ID=1487
DELETE FROM COMMENT WHERE COMMENT_ID=1488
DELETE FROM COMMENT WHERE COMMENT_ID=1489
DELETE FROM COMMENT WHERE COMMENT_ID=1490
DELETE FROM COMMENT WHERE COMMENT_ID=1491
DELETE FROM COMMENT WHERE COMMENT_ID=1492
DELETE FROM COMMENT WHERE COMMENT_ID=1493
DELETE FROM COMMENT WHERE COMMENT_ID=1494
DELETE FROM COMMENT WHERE COMMENT_ID=1495
DELETE FROM COMMENT WHERE COMMENT_ID=1496
DELETE FROM COMMENT WHERE COMMENT_ID=1497
DELETE FROM COMMENT WHERE COMMENT_ID=1498
DELETE FROM COMMENT WHERE COMMENT_ID=1499
DELETE FROM COMMENT WHERE COMMENT_ID=1500
DELETE FROM COMMENT WHERE COMMENT_ID=1501
DELETE FROM COMMENT WHERE COMMENT_ID=1502
DELETE FROM COMMENT WHERE COMMENT_ID=1503
DELETE FROM COMMENT WHERE COMMENT_ID=1504
DELETE FROM COMMENT WHERE COMMENT_ID=1505
DELETE FROM COMMENT WHERE COMMENT_ID=1506
DELETE FROM COMMENT WHERE COMMENT_ID=1507
DELETE FROM COMMENT WHERE COMMENT_ID=1508
DELETE FROM COMMENT WHERE COMMENT_ID=1509
DELETE FROM COMMENT WHERE COMMENT_ID=1510
DELETE FROM COMMENT WHERE COMMENT_ID=1511
DELETE FROM COMMENT WHERE COMMENT_ID=1512
DELETE FROM COMMENT WHERE COMMENT_ID=1513
DELETE FROM COMMENT WHERE COMMENT_ID=1514
DELETE FROM COMMENT WHERE COMMENT_ID=1515
DELETE FROM COMMENT WHERE COMMENT_ID=1516
DELETE FROM COMMENT WHERE COMMENT_ID=1517
DELETE FROM COMMENT WHERE COMMENT_ID=1518
DELETE FROM COMMENT WHERE COMMENT_ID=1519
DELETE FROM COMMENT WHERE COMMENT_ID=1520
DELETE FROM COMMENT WHERE COMMENT_ID=1521
DELETE FROM COMMENT WHERE COMMENT_ID=1522
DELETE FROM COMMENT WHERE COMMENT_ID=1523
DELETE FROM COMMENT WHERE COMMENT_ID=1524
DELETE FROM COMMENT WHERE COMMENT_ID=1525
DELETE FROM COMMENT WHERE COMMENT_ID=1526
DELETE FROM COMMENT WHERE COMMENT_ID=1527
DELETE FROM COMMENT WHERE COMMENT_ID=1528
DELETE FROM COMMENT WHERE COMMENT_ID=1529
DELETE FROM COMMENT WHERE COMMENT_ID=1530
DELETE FROM COMMENT WHERE COMMENT_ID=1531
DELETE FROM COMMENT WHERE COMMENT_ID=1532
DELETE FROM COMMENT WHERE COMMENT_ID=1533
DELETE FROM COMMENT WHERE COMMENT_ID=1534
DELETE FROM COMMENT WHERE COMMENT_ID=1535
DELETE FROM COMMENT WHERE COMMENT_ID=1536
DELETE FROM COMMENT WHERE COMMENT_ID=1537
DELETE FROM COMMENT WHERE COMMENT_ID=1538
DELETE FROM COMMENT WHERE COMMENT_ID=1539
DELETE FROM COMMENT WHERE COMMENT_ID=1540
DELETE FROM COMMENT WHERE COMMENT_ID=1541
DELETE FROM COMMENT WHERE COMMENT_ID=1542
DELETE FROM COMMENT WHERE COMMENT_ID=1543
DELETE FROM COMMENT WHERE COMMENT_ID=1544
DELETE FROM COMMENT WHERE COMMENT_ID=1545
DELETE FROM COMMENT WHERE COMMENT_ID=1546
DELETE FROM COMMENT WHERE COMMENT_ID=1547
DELETE FROM COMMENT WHERE COMMENT_ID=1548
DELETE FROM COMMENT WHERE COMMENT_ID=1549
DELETE FROM COMMENT WHERE COMMENT_ID=1550
DELETE FROM COMMENT WHERE COMMENT_ID=1551
DELETE FROM COMMENT WHERE COMMENT_ID=1552
DELETE FROM COMMENT WHERE COMMENT_ID=1553
DELETE FROM COMMENT WHERE COMMENT_ID=1554
DELETE FROM COMMENT WHERE COMMENT_ID=1555
DELETE FROM COMMENT WHERE COMMENT_ID=1556
DELETE FROM COMMENT WHERE COMMENT_ID=1557
DELETE FROM COMMENT WHERE COMMENT_ID=1558
DELETE FROM COMMENT WHERE COMMENT_ID=1559
DELETE FROM COMMENT WHERE COMMENT_ID=1560
DELETE FROM COMMENT WHERE COMMENT_ID=1561
DELETE FROM COMMENT WHERE COMMENT_ID=1562
DELETE FROM COMMENT WHERE COMMENT_ID=1563
DELETE FROM COMMENT WHERE COMMENT_ID=1564
DELETE FROM COMMENT WHERE COMMENT_ID=1565
DELETE FROM COMMENT WHERE COMMENT_ID=1566
DELETE FROM COMMENT WHERE COMMENT_ID=1567
DELETE FROM COMMENT WHERE COMMENT_ID=1568
DELETE FROM COMMENT WHERE COMMENT_ID=1569
DELETE FROM COMMENT WHERE COMMENT_ID=1570
DELETE FROM COMMENT WHERE COMMENT_ID=1571
DELETE FROM COMMENT WHERE COMMENT_ID=1572
DELETE FROM COMMENT WHERE COMMENT_ID=1573
DELETE FROM COMMENT WHERE COMMENT_ID=1574
DELETE FROM COMMENT WHERE COMMENT_ID=1575
DELETE FROM COMMENT WHERE COMMENT_ID=1576
DELETE FROM COMMENT WHERE COMMENT_ID=1577
DELETE FROM COMMENT WHERE COMMENT_ID=1578
DELETE FROM COMMENT WHERE COMMENT_ID=1579
DELETE FROM COMMENT WHERE COMMENT_ID=1580
DELETE FROM COMMENT WHERE COMMENT_ID=1581
DELETE FROM COMMENT WHERE COMMENT_ID=1582
DELETE FROM COMMENT WHERE COMMENT_ID=1583
DELETE FROM COMMENT WHERE COMMENT_ID=1584
DELETE FROM COMMENT WHERE COMMENT_ID=1585
DELETE FROM COMMENT WHERE COMMENT_ID=1586
DELETE FROM COMMENT WHERE COMMENT_ID=1587
DELETE FROM COMMENT WHERE COMMENT_ID=1588
DELETE FROM COMMENT WHERE COMMENT_ID=1589
DELETE FROM COMMENT WHERE COMMENT_ID=1590
DELETE FROM COMMENT WHERE COMMENT_ID=1591
DELETE FROM COMMENT WHERE COMMENT_ID=1592
DELETE FROM COMMENT WHERE COMMENT_ID=1593
DELETE FROM COMMENT WHERE COMMENT_ID=1594
DELETE FROM COMMENT WHERE COMMENT_ID=1595
DELETE FROM COMMENT WHERE COMMENT_ID=1596
DELETE FROM COMMENT WHERE COMMENT_ID=1597
DELETE FROM COMMENT WHERE COMMENT_ID=1598
DELETE FROM COMMENT WHERE COMMENT_ID=1599
DELETE FROM COMMENT WHERE COMMENT_ID=1600
DELETE FROM COMMENT WHERE COMMENT_ID=1601
DELETE FROM COMMENT WHERE COMMENT_ID=1602
DELETE FROM COMMENT WHERE COMMENT_ID=1603
DELETE FROM COMMENT WHERE COMMENT_ID=1604
DELETE FROM COMMENT WHERE COMMENT_ID=1605
DELETE FROM COMMENT WHERE COMMENT_ID=1606
DELETE FROM COMMENT WHERE COMMENT_ID=1607
DELETE FROM COMMENT WHERE COMMENT_ID=1608
DELETE FROM COMMENT WHERE COMMENT_ID=1609
DELETE FROM COMMENT WHERE COMMENT_ID=1610
DELETE FROM COMMENT WHERE COMMENT_ID=1611
DELETE FROM COMMENT WHERE COMMENT_ID=1612
DELETE FROM COMMENT WHERE COMMENT_ID=1613
DELETE FROM COMMENT WHERE COMMENT_ID=1614
DELETE FROM COMMENT WHERE COMMENT_ID=1615
DELETE FROM COMMENT WHERE COMMENT_ID=1616
DELETE FROM COMMENT WHERE COMMENT_ID=1617
DELETE FROM COMMENT WHERE COMMENT_ID=1618
DELETE FROM COMMENT WHERE COMMENT_ID=1619
DELETE FROM COMMENT WHERE COMMENT_ID=1620
DELETE FROM COMMENT WHERE COMMENT_ID=1621
DELETE FROM COMMENT WHERE COMMENT_ID=1622
DELETE FROM COMMENT WHERE COMMENT_ID=1623
DELETE FROM COMMENT WHERE COMMENT_ID=1624
DELETE FROM COMMENT WHERE COMMENT_ID=1625
DELETE FROM COMMENT WHERE COMMENT_ID=1626
DELETE FROM COMMENT WHERE COMMENT_ID=1627
DELETE FROM COMMENT WHERE COMMENT_ID=1628
DELETE FROM COMMENT WHERE COMMENT_ID=1629
DELETE FROM COMMENT WHERE COMMENT_ID=1630
DELETE FROM COMMENT WHERE COMMENT_ID=1631
DELETE FROM COMMENT WHERE COMMENT_ID=1632
DELETE FROM COMMENT WHERE COMMENT_ID=1633
DELETE FROM COMMENT WHERE COMMENT_ID=1634
DELETE FROM COMMENT WHERE COMMENT_ID=1635
DELETE FROM COMMENT WHERE COMMENT_ID=1636
DELETE FROM COMMENT WHERE COMMENT_ID=1637
DELETE FROM COMMENT WHERE COMMENT_ID=1638
DELETE FROM COMMENT WHERE COMMENT_ID=1639
DELETE FROM COMMENT WHERE COMMENT_ID=1640
DELETE FROM COMMENT WHERE COMMENT_ID=1641
DELETE FROM COMMENT WHERE COMMENT_ID=1642
DELETE FROM COMMENT WHERE COMMENT_ID=1643
DELETE FROM COMMENT WHERE COMMENT_ID=1644
DELETE FROM COMMENT WHERE COMMENT_ID=1645
DELETE FROM COMMENT WHERE COMMENT_ID=1646
DELETE FROM COMMENT WHERE COMMENT_ID=1647
DELETE FROM COMMENT WHERE COMMENT_ID=1648
DELETE FROM COMMENT WHERE COMMENT_ID=1649
DELETE FROM COMMENT WHERE COMMENT_ID=1650
DELETE FROM COMMENT WHERE COMMENT_ID=1651
DELETE FROM COMMENT WHERE COMMENT_ID=1652
DELETE FROM COMMENT WHERE COMMENT_ID=1653
DELETE FROM COMMENT WHERE COMMENT_ID=1654
DELETE FROM COMMENT WHERE COMMENT_ID=1655
DELETE FROM COMMENT WHERE COMMENT_ID=1656
DELETE FROM COMMENT WHERE COMMENT_ID=1657
DELETE FROM COMMENT WHERE COMMENT_ID=1658
DELETE FROM COMMENT WHERE COMMENT_ID=1659
DELETE FROM COMMENT WHERE COMMENT_ID=1660
DELETE FROM COMMENT WHERE COMMENT_ID=1661
DELETE FROM COMMENT WHERE COMMENT_ID=1662
DELETE FROM COMMENT WHERE COMMENT_ID=1663
DELETE FROM COMMENT WHERE COMMENT_ID=1664
DELETE FROM COMMENT WHERE COMMENT_ID=1665
DELETE FROM COMMENT WHERE COMMENT_ID=1666
DELETE FROM COMMENT WHERE COMMENT_ID=1667
DELETE FROM COMMENT WHERE COMMENT_ID=1668
DELETE FROM COMMENT WHERE COMMENT_ID=1669
DELETE FROM COMMENT WHERE COMMENT_ID=1670
DELETE FROM COMMENT WHERE COMMENT_ID=1671
DELETE FROM COMMENT WHERE COMMENT_ID=1672
DELETE FROM COMMENT WHERE COMMENT_ID=1673
DELETE FROM COMMENT WHERE COMMENT_ID=1674
DELETE FROM COMMENT WHERE COMMENT_ID=1675
DELETE FROM COMMENT WHERE COMMENT_ID=1676
DELETE FROM COMMENT WHERE COMMENT_ID=1677
DELETE FROM COMMENT WHERE COMMENT_ID=1678
DELETE FROM COMMENT WHERE COMMENT_ID=1679
DELETE FROM COMMENT WHERE COMMENT_ID=1680
DELETE FROM COMMENT WHERE COMMENT_ID=1681
DELETE FROM COMMENT WHERE COMMENT_ID=1682
DELETE FROM COMMENT WHERE COMMENT_ID=1683
DELETE FROM COMMENT WHERE COMMENT_ID=1684
DELETE FROM COMMENT WHERE COMMENT_ID=1685
DELETE FROM COMMENT WHERE COMMENT_ID=1686
DELETE FROM COMMENT WHERE COMMENT_ID=1687
DELETE FROM COMMENT WHERE COMMENT_ID=1688
DELETE FROM COMMENT WHERE COMMENT_ID=1689
DELETE FROM COMMENT WHERE COMMENT_ID=1690
DELETE FROM COMMENT WHERE COMMENT_ID=1691
DELETE FROM COMMENT WHERE COMMENT_ID=1692
DELETE FROM COMMENT WHERE COMMENT_ID=1693
DELETE FROM COMMENT WHERE COMMENT_ID=1694
DELETE FROM COMMENT WHERE COMMENT_ID=1695
DELETE FROM COMMENT WHERE COMMENT_ID=1696
DELETE FROM COMMENT WHERE COMMENT_ID=1697
DELETE FROM COMMENT WHERE COMMENT_ID=1698
DELETE FROM COMMENT WHERE COMMENT_ID=1699
DELETE FROM COMMENT WHERE COMMENT_ID=1700
DELETE FROM COMMENT WHERE COMMENT_ID=1701
DELETE FROM COMMENT WHERE COMMENT_ID=1702
DELETE FROM COMMENT WHERE COMMENT_ID=1703
DELETE FROM COMMENT WHERE COMMENT_ID=1704
DELETE FROM COMMENT WHERE COMMENT_ID=1705
DELETE FROM COMMENT WHERE COMMENT_ID=1706
DELETE FROM COMMENT WHERE COMMENT_ID=1707
DELETE FROM COMMENT WHERE COMMENT_ID=1708
DELETE FROM COMMENT WHERE COMMENT_ID=1709
DELETE FROM COMMENT WHERE COMMENT_ID=1710
DELETE FROM COMMENT WHERE COMMENT_ID=1711
DELETE FROM COMMENT WHERE COMMENT_ID=1712
DELETE FROM COMMENT WHERE COMMENT_ID=1713
DELETE FROM COMMENT WHERE COMMENT_ID=1714
DELETE FROM COMMENT WHERE COMMENT_ID=1715
DELETE FROM COMMENT WHERE COMMENT_ID=1716
DELETE FROM COMMENT WHERE COMMENT_ID=1717
DELETE FROM COMMENT WHERE COMMENT_ID=1718
DELETE FROM COMMENT WHERE COMMENT_ID=1719
DELETE FROM COMMENT WHERE COMMENT_ID=1720
DELETE FROM COMMENT WHERE COMMENT_ID=1721
DELETE FROM COMMENT WHERE COMMENT_ID=1722
DELETE FROM COMMENT WHERE COMMENT_ID=1723
DELETE FROM COMMENT WHERE COMMENT_ID=1724
DELETE FROM COMMENT WHERE COMMENT_ID=1725
DELETE FROM COMMENT WHERE COMMENT_ID=1726
DELETE FROM COMMENT WHERE COMMENT_ID=1727
DELETE FROM COMMENT WHERE COMMENT_ID=1728
DELETE FROM COMMENT WHERE COMMENT_ID=1729
DELETE FROM COMMENT WHERE COMMENT_ID=1730
DELETE FROM COMMENT WHERE COMMENT_ID=1731
DELETE FROM COMMENT WHERE COMMENT_ID=1732
DELETE FROM COMMENT WHERE COMMENT_ID=1733
DELETE FROM COMMENT WHERE COMMENT_ID=1734
DELETE FROM COMMENT WHERE COMMENT_ID=1735
DELETE FROM COMMENT WHERE COMMENT_ID=1736
DELETE FROM COMMENT WHERE COMMENT_ID=1737
DELETE FROM COMMENT WHERE COMMENT_ID=1738
DELETE FROM COMMENT WHERE COMMENT_ID=1739
DELETE FROM COMMENT WHERE COMMENT_ID=1740
DELETE FROM COMMENT WHERE COMMENT_ID=1741
DELETE FROM COMMENT WHERE COMMENT_ID=1742
DELETE FROM COMMENT WHERE COMMENT_ID=1743
DELETE FROM COMMENT WHERE COMMENT_ID=1744
DELETE FROM COMMENT WHERE COMMENT_ID=1745
DELETE FROM COMMENT WHERE COMMENT_ID=1746
DELETE FROM COMMENT WHERE COMMENT_ID=1747
DELETE FROM COMMENT WHERE COMMENT_ID=1748
DELETE FROM COMMENT WHERE COMMENT_ID=1749
DELETE FROM COMMENT WHERE COMMENT_ID=1750
DELETE FROM COMMENT WHERE COMMENT_ID=1751
DELETE FROM COMMENT WHERE COMMENT_ID=1752
DELETE FROM COMMENT WHERE COMMENT_ID=1753
DELETE FROM COMMENT WHERE COMMENT_ID=1754
DELETE FROM COMMENT WHERE COMMENT_ID=1755
DELETE FROM COMMENT WHERE COMMENT_ID=1756
DELETE FROM COMMENT WHERE COMMENT_ID=1757
DELETE FROM COMMENT WHERE COMMENT_ID=1758
DELETE FROM COMMENT WHERE COMMENT_ID=1759
DELETE FROM COMMENT WHERE COMMENT_ID=1760
DELETE FROM COMMENT WHERE COMMENT_ID=1761
DELETE FROM COMMENT WHERE COMMENT_ID=1762
DELETE FROM COMMENT WHERE COMMENT_ID=1763
DELETE FROM COMMENT WHERE COMMENT_ID=1764
DELETE FROM COMMENT WHERE COMMENT_ID=1765
DELETE FROM COMMENT WHERE COMMENT_ID=1766
DELETE FROM COMMENT WHERE COMMENT_ID=1767
DELETE FROM COMMENT WHERE COMMENT_ID=1768
DELETE FROM COMMENT WHERE COMMENT_ID=1769
DELETE FROM COMMENT WHERE COMMENT_ID=1770
DELETE FROM COMMENT WHERE COMMENT_ID=1771
DELETE FROM COMMENT WHERE COMMENT_ID=1772
DELETE FROM COMMENT WHERE COMMENT_ID=1773
DELETE FROM COMMENT WHERE COMMENT_ID=1774
DELETE FROM COMMENT WHERE COMMENT_ID=1775
DELETE FROM COMMENT WHERE COMMENT_ID=1776
DELETE FROM COMMENT WHERE COMMENT_ID=1777
DELETE FROM COMMENT WHERE COMMENT_ID=1778
DELETE FROM COMMENT WHERE COMMENT_ID=1779
DELETE FROM COMMENT WHERE COMMENT_ID=1780
DELETE FROM COMMENT WHERE COMMENT_ID=1781
DELETE FROM COMMENT WHERE COMMENT_ID=1782
DELETE FROM COMMENT WHERE COMMENT_ID=1783
DELETE FROM COMMENT WHERE COMMENT_ID=1784
DELETE FROM COMMENT WHERE COMMENT_ID=1785
DELETE FROM COMMENT WHERE COMMENT_ID=1786
DELETE FROM COMMENT WHERE COMMENT_ID=1787
DELETE FROM COMMENT WHERE COMMENT_ID=1788
DELETE FROM COMMENT WHERE COMMENT_ID=1789
DELETE FROM COMMENT WHERE COMMENT_ID=1790
DELETE FROM COMMENT WHERE COMMENT_ID=1791
DELETE FROM COMMENT WHERE COMMENT_ID=1792
DELETE FROM COMMENT WHERE COMMENT_ID=1793
DELETE FROM COMMENT WHERE COMMENT_ID=1794
DELETE FROM COMMENT WHERE COMMENT_ID=1795
DELETE FROM COMMENT WHERE COMMENT_ID=1796
DELETE FROM COMMENT WHERE COMMENT_ID=1797
DELETE FROM COMMENT WHERE COMMENT_ID=1798
DELETE FROM COMMENT WHERE COMMENT_ID=1799
DELETE FROM COMMENT WHERE COMMENT_ID=1800
DELETE FROM COMMENT WHERE COMMENT_ID=1801
COMMIT
DISCONNECT
